<?xml version="1.0" encoding="UTF-8"?>
<!-- Generated by org.testng.reporters.JUnitReportReporter -->
<testsuite skipped="0" hostname="BCHOPT-NW100176" name="NutritionProductsTest" tests="1" failures="0" timestamp="31 Aug 2018 14:01:52 GMT" time="118.132" errors="0">
  <testcase name="NutritionProductsTest" time="118.132" classname="NutritionProductsTest"/>
</testsuite> <!-- NutritionProductsTest -->
