<?xml version="1.0" encoding="UTF-8"?>
<!-- Generated by org.testng.reporters.JUnitReportReporter -->
<testsuite skipped="0" hostname="BCHOPT-NW100176" name="IARegisterTest" tests="1" failures="0" timestamp="31 Aug 2018 14:01:51 GMT" time="106.002" errors="0">
  <testcase name="IARegisterTest" time="106.002" classname="IARegisterTest"/>
</testsuite> <!-- IARegisterTest -->
