<?xml version="1.0" encoding="UTF-8"?>
<!-- Generated by org.testng.reporters.JUnitReportReporter -->
<testsuite skipped="0" hostname="BCHOPT-NW100176" name="CreateCarerTest" tests="1" failures="0" timestamp="31 Aug 2018 14:01:51 GMT" time="114.384" errors="0">
  <testcase name="CreateCarerTest" time="114.384" classname="CreateCarerTest"/>
</testsuite> <!-- CreateCarerTest -->
