<?xml version="1.0" encoding="UTF-8"?>
<!-- Generated by org.testng.reporters.JUnitReportReporter -->
<testsuite skipped="0" hostname="BCHOPT-NW100176" name="OpenHomepageTest" tests="1" failures="0" timestamp="31 Aug 2018 14:01:51 GMT" time="13.286" errors="0">
  <testcase name="openHomepage" time="13.286" classname="OpenHomepageTest"/>
</testsuite> <!-- OpenHomepageTest -->
